===== BOT A =====
[connect] wss://poker-bot-arena.fly.dev/ws as Prometheus (A)
[welcome] seat=0 config={'variant': 'HUNL', 'seats': 3, 'starting_stack': 6000, 'sb': 50, 'bb': 100}
[hand H-20251113-00000] start | button=Prometheus (A)
[hand H-20251113-00000] end | stacks=[{'seat': 0, 'stack': 5800}, {'seat': 1, 'stack': 5950}, {'seat': 2, 'stack': 6250}]
[hand H-20251113-00001] start | button=Seat 1
[hand H-20251113-00001] end | stacks=[{'seat': 0, 'stack': 5700}, {'seat': 1, 'stack': 5950}, {'seat': 2, 'stack': 6350}]
[hand H-20251113-00002] start | button=Seat 2
[hand H-20251113-00002] end | stacks=[{'seat': 0, 'stack': 5650}, {'seat': 1, 'stack': 5850}, {'seat': 2, 'stack': 6500}]
[hand H-20251113-00003] start | button=Prometheus (A)
[hand H-20251113-00003] end | stacks=[{'seat': 0, 'stack': 11350}, {'seat': 1, 'stack': 5800}, {'seat': 2, 'stack': 850}]
[hand H-20251113-00004] start | button=Seat 1
[hand H-20251113-00004] end | stacks=[{'seat': 0, 'stack': 12200}, {'seat': 1, 'stack': 5800}, {'seat': 2, 'stack': 0}]
[hand H-20251113-00005] start | button=Prometheus (A)
[hand H-20251113-00005] end | stacks=[{'seat': 0, 'stack': 18000}, {'seat': 1, 'stack': 0}, {'seat': 2, 'stack': 0}]
[match] winner={'seat': 0, 'team': 'Prometheus (A)'}

===== BOT B =====
[connect] wss://poker-bot-arena.fly.dev/ws as Prometheus (B)
[welcome] seat=1 config={'variant': 'HUNL', 'seats': 3, 'starting_stack': 6000, 'sb': 50, 'bb': 100}
[practice] waiting for partner | bot=B state=WAITING_FOR_PARTNER
[hand H-20251113-00000] start | button=Seat 0
[hand H-20251113-00000] end | stacks=[{'seat': 0, 'stack': 5800}, {'seat': 1, 'stack': 5950}, {'seat': 2, 'stack': 6250}]
[hand H-20251113-00001] start | button=Prometheus (B)
[hand H-20251113-00001] end | stacks=[{'seat': 0, 'stack': 5700}, {'seat': 1, 'stack': 5950}, {'seat': 2, 'stack': 6350}]
[hand H-20251113-00002] start | button=Seat 2
[hand H-20251113-00002] end | stacks=[{'seat': 0, 'stack': 5650}, {'seat': 1, 'stack': 5850}, {'seat': 2, 'stack': 6500}]
[hand H-20251113-00003] start | button=Seat 0
[hand H-20251113-00003] end | stacks=[{'seat': 0, 'stack': 11350}, {'seat': 1, 'stack': 5800}, {'seat': 2, 'stack': 850}]
[hand H-20251113-00004] start | button=Prometheus (B)
[hand H-20251113-00004] end | stacks=[{'seat': 0, 'stack': 12200}, {'seat': 1, 'stack': 5800}, {'seat': 2, 'stack': 0}]
[hand H-20251113-00005] start | button=Seat 0
[hand H-20251113-00005] end | stacks=[{'seat': 0, 'stack': 18000}, {'seat': 1, 'stack': 0}, {'seat': 2, 'stack': 0}]
[match] winner={'seat': 0, 'team': 'Prometheus (A)'}

