===== BOT A =====
[connect] wss://poker-bot-arena.fly.dev/ws as Prometheus (A)
[welcome] seat=0 config={'variant': 'HUNL', 'seats': 3, 'starting_stack': 6000, 'sb': 50, 'bb': 100}
[practice] waiting for partner | bot=A state=WAITING_FOR_PARTNER
[hand H-20251113-00000] start | button=Prometheus (A)
[hand H-20251113-00000] end | stacks=[{'seat': 0, 'stack': 6000}, {'seat': 1, 'stack': 5950}, {'seat': 2, 'stack': 6050}]
[hand H-20251113-00001] start | button=Seat 1
[hand H-20251113-00001] end | stacks=[{'seat': 0, 'stack': 5900}, {'seat': 1, 'stack': 12000}, {'seat': 2, 'stack': 100}]
[hand H-20251113-00002] start | button=Seat 2
[hand H-20251113-00002] end | stacks=[{'seat': 0, 'stack': 5850}, {'seat': 1, 'stack': 11900}, {'seat': 2, 'stack': 250}]
[hand H-20251113-00003] start | button=Prometheus (A)
[hand H-20251113-00003] end | stacks=[{'seat': 0, 'stack': 5850}, {'seat': 1, 'stack': 11850}, {'seat': 2, 'stack': 300}]
[hand H-20251113-00004] start | button=Seat 1
[hand H-20251113-00004] end | stacks=[{'seat': 0, 'stack': 5750}, {'seat': 1, 'stack': 11550}, {'seat': 2, 'stack': 700}]
[hand H-20251113-00005] start | button=Seat 2
[hand H-20251113-00005] end | stacks=[{'seat': 0, 'stack': 5050}, {'seat': 1, 'stack': 11450}, {'seat': 2, 'stack': 1500}]
[hand H-20251113-00006] start | button=Prometheus (A)
[hand H-20251113-00006] end | stacks=[{'seat': 0, 'stack': 6600}, {'seat': 1, 'stack': 11400}, {'seat': 2, 'stack': 0}]
[hand H-20251113-00007] start | button=Seat 1
[hand H-20251113-00007] end | stacks=[{'seat': 0, 'stack': 6500}, {'seat': 1, 'stack': 11500}, {'seat': 2, 'stack': 0}]
[hand H-20251113-00008] start | button=Prometheus (A)
[hand H-20251113-00008] end | stacks=[{'seat': 0, 'stack': 0}, {'seat': 1, 'stack': 18000}, {'seat': 2, 'stack': 0}]
[match] winner={'seat': 1, 'team': 'Prometheus (B)'}

===== BOT B =====
[connect] wss://poker-bot-arena.fly.dev/ws as Prometheus (B)
[welcome] seat=1 config={'variant': 'HUNL', 'seats': 3, 'starting_stack': 6000, 'sb': 50, 'bb': 100}
[hand H-20251113-00000] start | button=Seat 0
[hand H-20251113-00000] end | stacks=[{'seat': 0, 'stack': 6000}, {'seat': 1, 'stack': 5950}, {'seat': 2, 'stack': 6050}]
[hand H-20251113-00001] start | button=Prometheus (B)
[hand H-20251113-00001] end | stacks=[{'seat': 0, 'stack': 5900}, {'seat': 1, 'stack': 12000}, {'seat': 2, 'stack': 100}]
[hand H-20251113-00002] start | button=Seat 2
[hand H-20251113-00002] end | stacks=[{'seat': 0, 'stack': 5850}, {'seat': 1, 'stack': 11900}, {'seat': 2, 'stack': 250}]
[hand H-20251113-00003] start | button=Seat 0
[hand H-20251113-00003] end | stacks=[{'seat': 0, 'stack': 5850}, {'seat': 1, 'stack': 11850}, {'seat': 2, 'stack': 300}]
[hand H-20251113-00004] start | button=Prometheus (B)
[hand H-20251113-00004] end | stacks=[{'seat': 0, 'stack': 5750}, {'seat': 1, 'stack': 11550}, {'seat': 2, 'stack': 700}]
[hand H-20251113-00005] start | button=Seat 2
[hand H-20251113-00005] end | stacks=[{'seat': 0, 'stack': 5050}, {'seat': 1, 'stack': 11450}, {'seat': 2, 'stack': 1500}]
[hand H-20251113-00006] start | button=Seat 0
[hand H-20251113-00006] end | stacks=[{'seat': 0, 'stack': 6600}, {'seat': 1, 'stack': 11400}, {'seat': 2, 'stack': 0}]
[hand H-20251113-00007] start | button=Prometheus (B)
[hand H-20251113-00007] end | stacks=[{'seat': 0, 'stack': 6500}, {'seat': 1, 'stack': 11500}, {'seat': 2, 'stack': 0}]
[hand H-20251113-00008] start | button=Seat 0
[hand H-20251113-00008] end | stacks=[{'seat': 0, 'stack': 0}, {'seat': 1, 'stack': 18000}, {'seat': 2, 'stack': 0}]
[match] winner={'seat': 1, 'team': 'Prometheus (B)'}

